{"level":"info","message":"Listening on port 3001"}
{"level":"info","message":"Listening on port 3001"}
{"level":"info","message":"Listening on port 3001"}
{"level":"info","message":"Listening on port 3001"}
{"contentLength":"25","level":"info","message":"HTTP Access Log","method":"POST","responseTime":7.173,"status":200,"timestamp":"Wed May 15 2024 06:19:15 GMT+0100 (West Africa Standard Time)","url":"/user"}
{"contentLength":"25","level":"info","message":"HTTP Access Log","method":"POST","responseTime":1.054,"status":200,"timestamp":"Wed May 15 2024 06:19:24 GMT+0100 (West Africa Standard Time)","url":"/user/signup"}
{"level":"info","message":"Listening on port 3001"}
{"level":"info","message":"Listening on port 3001"}
{"contentLength":"-","level":"info","message":"HTTP Access Log","method":"POST","responseTime":null,"status":null,"timestamp":"Wed May 15 2024 06:20:15 GMT+0100 (West Africa Standard Time)","url":"/user/signup"}
{"level":"info","message":"Listening on port 3001"}
{"contentLength":"49","level":"info","message":"HTTP Access Log","method":"POST","responseTime":94.772,"status":400,"timestamp":"Wed May 15 2024 06:21:36 GMT+0100 (West Africa Standard Time)","url":"/user/signup"}
{"contentLength":"38","level":"info","message":"HTTP Access Log","method":"POST","responseTime":357.469,"status":200,"timestamp":"Wed May 15 2024 06:23:01 GMT+0100 (West Africa Standard Time)","url":"/user/signup"}
{"level":"info","message":"Listening on port 3001"}
{"level":"info","message":"Listening on port 3001"}
{"contentLength":"38","level":"info","message":"HTTP Access Log","method":"POST","responseTime":464.384,"status":200,"timestamp":"Wed May 15 2024 06:25:45 GMT+0100 (West Africa Standard Time)","url":"/user/signup"}
{"level":"info","message":"Listening on port 3001"}
{"contentLength":"38","level":"info","message":"HTTP Access Log","method":"POST","responseTime":806.005,"status":200,"timestamp":"Wed May 15 2024 06:27:08 GMT+0100 (West Africa Standard Time)","url":"/user/signup"}
{"contentLength":"35","level":"info","message":"HTTP Access Log","method":"POST","responseTime":220.163,"status":500,"timestamp":"Wed May 15 2024 06:27:38 GMT+0100 (West Africa Standard Time)","url":"/user//verify/euk1NvgFMEegg7ipUJuRt5AOvUodw78DHjw1V3Ed"}
{"level":"info","message":"Listening on port 3001"}
{"contentLength":"27","level":"info","message":"HTTP Access Log","method":"POST","responseTime":233.7,"status":500,"timestamp":"Wed May 15 2024 06:28:13 GMT+0100 (West Africa Standard Time)","url":"/user//verify/euk1NvgFMEegg7ipUJuRt5AOvUodw78DHjw1V3Ed"}
{"date":"Wed May 15 2024 06:28:13 GMT+0100 (West Africa Standard Time)","error":{"code":"ERR_HTTP_HEADERS_SENT"},"exception":true,"level":"error","message":"uncaughtException: Cannot set headers after they are sent to the client\nError [ERR_HTTP_HEADERS_SENT]: Cannot set headers after they are sent to the client\n    at new NodeError (node:internal/errors:387:5)\n    at ServerResponse.setHeader (node:_http_outgoing:603:11)\n    at ServerResponse.header (C:\\Users\\hp\\Desktop\\Job\\node_modules\\express\\lib\\response.js:795:10)\n    at ServerResponse.send (C:\\Users\\hp\\Desktop\\Job\\node_modules\\express\\lib\\response.js:175:12)\n    at ServerResponse.json (C:\\Users\\hp\\Desktop\\Job\\node_modules\\express\\lib\\response.js:279:15)\n    at exports.verifyuser_post (C:\\Users\\hp\\Desktop\\Job\\controller\\auth\\verify.js:25:21)\n    at process.processTicksAndRejections (node:internal/process/task_queues:95:5)","os":{"loadavg":[0,0,0],"uptime":499620},"process":{"argv":["C:\\Program Files (x86)\\nodejs\\node.exe","C:\\Users\\hp\\Desktop\\Job\\index.js"],"cwd":"C:\\Users\\hp\\Desktop\\Job","execPath":"C:\\Program Files (x86)\\nodejs\\node.exe","gid":null,"memoryUsage":{"arrayBuffers":470919,"external":1267706,"heapTotal":30633984,"heapUsed":13440228,"rss":49700864},"pid":20904,"uid":null,"version":"v18.7.0"},"stack":"Error [ERR_HTTP_HEADERS_SENT]: Cannot set headers after they are sent to the client\n    at new NodeError (node:internal/errors:387:5)\n    at ServerResponse.setHeader (node:_http_outgoing:603:11)\n    at ServerResponse.header (C:\\Users\\hp\\Desktop\\Job\\node_modules\\express\\lib\\response.js:795:10)\n    at ServerResponse.send (C:\\Users\\hp\\Desktop\\Job\\node_modules\\express\\lib\\response.js:175:12)\n    at ServerResponse.json (C:\\Users\\hp\\Desktop\\Job\\node_modules\\express\\lib\\response.js:279:15)\n    at exports.verifyuser_post (C:\\Users\\hp\\Desktop\\Job\\controller\\auth\\verify.js:25:21)\n    at process.processTicksAndRejections (node:internal/process/task_queues:95:5)","trace":[{"column":5,"file":"node:internal/errors","function":"new NodeError","line":387,"method":null,"native":false},{"column":11,"file":"node:_http_outgoing","function":"ServerResponse.setHeader","line":603,"method":"setHeader","native":false},{"column":10,"file":"C:\\Users\\hp\\Desktop\\Job\\node_modules\\express\\lib\\response.js","function":"ServerResponse.header","line":795,"method":"header","native":false},{"column":12,"file":"C:\\Users\\hp\\Desktop\\Job\\node_modules\\express\\lib\\response.js","function":"ServerResponse.send","line":175,"method":"send","native":false},{"column":15,"file":"C:\\Users\\hp\\Desktop\\Job\\node_modules\\express\\lib\\response.js","function":"ServerResponse.json","line":279,"method":"json","native":false},{"column":21,"file":"C:\\Users\\hp\\Desktop\\Job\\controller\\auth\\verify.js","function":"exports.verifyuser_post","line":25,"method":"verifyuser_post","native":false},{"column":5,"file":"node:internal/process/task_queues","function":"process.processTicksAndRejections","line":95,"method":"processTicksAndRejections","native":false}]}
{"level":"info","message":"Listening on port 3001"}
{"level":"info","message":"Listening on port 3001"}
{"level":"info","message":"Listening on port 3001"}
{"contentLength":"40","level":"info","message":"HTTP Access Log","method":"POST","responseTime":62.019,"status":400,"timestamp":"Wed May 15 2024 06:30:34 GMT+0100 (West Africa Standard Time)","url":"/user//verify/euk1NvgFMEegg7ipUJuRt5AOvUodw78DHjw1V3Ed"}
{"contentLength":"38","level":"info","message":"HTTP Access Log","method":"POST","responseTime":1098.742,"status":200,"timestamp":"Wed May 15 2024 06:30:55 GMT+0100 (West Africa Standard Time)","url":"/user/signup"}
{"contentLength":"27","level":"info","message":"HTTP Access Log","method":"POST","responseTime":170.513,"status":200,"timestamp":"Wed May 15 2024 06:31:23 GMT+0100 (West Africa Standard Time)","url":"/user/verify/bDaaFshv6OWgnvb2TtzcibRhd2nB4d7Wt4rb6Yzj"}
